{"C:\\Users\\boss-\\OneDrive\\Рабочий стол\\musina\\4course\\index.js": {"path":"C:\\Users\\boss-\\OneDrive\\Рабочий стол\\musina\\4course\\index.js","statementMap":{"0":{"start":{"line":1,"column":15},"end":{"line":1,"column":55}},"1":{"start":{"line":3,"column":19},"end":{"line":3,"column":20}},"2":{"start":{"line":4,"column":19},"end":{"line":4,"column":21}},"3":{"start":{"line":7,"column":2},"end":{"line":11,"column":3}},"4":{"start":{"line":7,"column":15},"end":{"line":7,"column":16}},"5":{"start":{"line":8,"column":4},"end":{"line":10,"column":5}},"6":{"start":{"line":9,"column":6},"end":{"line":9,"column":19}},"7":{"start":{"line":12,"column":2},"end":{"line":12,"column":14}},"8":{"start":{"line":16,"column":2},"end":{"line":18,"column":3}},"9":{"start":{"line":17,"column":4},"end":{"line":17,"column":32}},"10":{"start":{"line":19,"column":2},"end":{"line":21,"column":3}},"11":{"start":{"line":20,"column":4},"end":{"line":20,"column":74}},"12":{"start":{"line":22,"column":2},"end":{"line":24,"column":3}},"13":{"start":{"line":23,"column":4},"end":{"line":23,"column":30}},"14":{"start":{"line":26,"column":13},"end":{"line":26,"column":14}},"15":{"start":{"line":27,"column":14},"end":{"line":27,"column":28}},"16":{"start":{"line":29,"column":2},"end":{"line":39,"column":3}},"17":{"start":{"line":30,"column":16},"end":{"line":30,"column":46}},"18":{"start":{"line":32,"column":4},"end":{"line":38,"column":5}},"19":{"start":{"line":33,"column":6},"end":{"line":33,"column":17}},"20":{"start":{"line":34,"column":11},"end":{"line":38,"column":5}},"21":{"start":{"line":35,"column":6},"end":{"line":35,"column":21}},"22":{"start":{"line":37,"column":6},"end":{"line":37,"column":22}},"23":{"start":{"line":40,"column":2},"end":{"line":40,"column":29}},"24":{"start":{"line":44,"column":21},"end":{"line":46,"column":16}},"25":{"start":{"line":47,"column":14},"end":{"line":47,"column":61}},"26":{"start":{"line":49,"column":2},"end":{"line":54,"column":3}},"27":{"start":{"line":50,"column":4},"end":{"line":52,"column":6}},"28":{"start":{"line":53,"column":4},"end":{"line":53,"column":11}},"29":{"start":{"line":56,"column":17},"end":{"line":56,"column":46}},"30":{"start":{"line":57,"column":2},"end":{"line":57,"column":22}},"31":{"start":{"line":62,"column":0},"end":{"line":62,"column":63}}},"fnMap":{"0":{"name":"isSorted","decl":{"start":{"line":6,"column":9},"end":{"line":6,"column":17}},"loc":{"start":{"line":6,"column":23},"end":{"line":13,"column":1}},"line":6},"1":{"name":"binarySearch","decl":{"start":{"line":15,"column":9},"end":{"line":15,"column":21}},"loc":{"start":{"line":15,"column":32},"end":{"line":41,"column":1}},"line":15},"2":{"name":"startBinarySearch","decl":{"start":{"line":43,"column":9},"end":{"line":43,"column":26}},"loc":{"start":{"line":43,"column":29},"end":{"line":58,"column":1}},"line":43}},"branchMap":{"0":{"loc":{"start":{"line":8,"column":4},"end":{"line":10,"column":5}},"type":"if","locations":[{"start":{"line":8,"column":4},"end":{"line":10,"column":5}},{"start":{},"end":{}}],"line":8},"1":{"loc":{"start":{"line":16,"column":2},"end":{"line":18,"column":3}},"type":"if","locations":[{"start":{"line":16,"column":2},"end":{"line":18,"column":3}},{"start":{},"end":{}}],"line":16},"2":{"loc":{"start":{"line":16,"column":6},"end":{"line":16,"column":40}},"type":"binary-expr","locations":[{"start":{"line":16,"column":6},"end":{"line":16,"column":25}},{"start":{"line":16,"column":29},"end":{"line":16,"column":40}}],"line":16},"3":{"loc":{"start":{"line":19,"column":2},"end":{"line":21,"column":3}},"type":"if","locations":[{"start":{"line":19,"column":2},"end":{"line":21,"column":3}},{"start":{},"end":{}}],"line":19},"4":{"loc":{"start":{"line":19,"column":6},"end":{"line":19,"column":56}},"type":"binary-expr","locations":[{"start":{"line":19,"column":6},"end":{"line":19,"column":29}},{"start":{"line":19,"column":33},"end":{"line":19,"column":56}}],"line":19},"5":{"loc":{"start":{"line":22,"column":2},"end":{"line":24,"column":3}},"type":"if","locations":[{"start":{"line":22,"column":2},"end":{"line":24,"column":3}},{"start":{},"end":{}}],"line":22},"6":{"loc":{"start":{"line":32,"column":4},"end":{"line":38,"column":5}},"type":"if","locations":[{"start":{"line":32,"column":4},"end":{"line":38,"column":5}},{"start":{"line":34,"column":11},"end":{"line":38,"column":5}}],"line":32},"7":{"loc":{"start":{"line":34,"column":11},"end":{"line":38,"column":5}},"type":"if","locations":[{"start":{"line":34,"column":11},"end":{"line":38,"column":5}},{"start":{"line":36,"column":11},"end":{"line":38,"column":5}}],"line":34},"8":{"loc":{"start":{"line":49,"column":2},"end":{"line":54,"column":3}},"type":"if","locations":[{"start":{"line":49,"column":2},"end":{"line":54,"column":3}},{"start":{},"end":{}}],"line":49}},"s":{"0":1,"1":1,"2":1,"3":7,"4":7,"5":17,"6":1,"7":6,"8":9,"9":1,"10":8,"11":1,"12":7,"13":1,"14":6,"15":6,"16":6,"17":10,"18":10,"19":5,"20":5,"21":3,"22":2,"23":1,"24":0,"25":0,"26":0,"27":0,"28":0,"29":0,"30":0,"31":1},"f":{"0":7,"1":9,"2":0},"b":{"0":[1,16],"1":[1,8],"2":[9,8],"3":[1,7],"4":[8,8],"5":[1,6],"6":[5,5],"7":[3,2],"8":[0,0]},"_coverageSchema":"1a1c01bbd47fc00a2c39e90264f33305004495a9","hash":"2995169f08bd5ea67360695a4275b04c4c63b1b4"}
}
