TN:
SF:index.js
FN:11,isSorted
FN:22,binarySearch
FN:49,startBinarySearch
FNF:3
FNH:2
FNDA:7,isSorted
FNDA:9,binarySearch
FNDA:0,startBinarySearch
DA:1,1
DA:2,1
DA:3,1
DA:12,7
DA:13,17
DA:14,1
DA:17,6
DA:23,9
DA:27,1
DA:29,8
DA:30,1
DA:32,7
DA:33,1
DA:35,6
DA:36,6
DA:37,6
DA:38,10
DA:39,10
DA:40,5
DA:41,5
DA:42,3
DA:44,2
DA:47,1
DA:50,0
DA:53,0
DA:54,0
DA:55,0
DA:58,0
DA:60,0
DA:61,0
DA:64,1
LF:31
LH:24
BRDA:13,0,0,1
BRDA:13,0,1,16
BRDA:23,1,0,1
BRDA:23,1,1,8
BRDA:23,2,0,9
BRDA:23,2,1,8
BRDA:29,3,0,1
BRDA:29,3,1,7
BRDA:29,4,0,8
BRDA:29,4,1,8
BRDA:32,5,0,1
BRDA:32,5,1,6
BRDA:39,6,0,5
BRDA:39,6,1,5
BRDA:41,7,0,3
BRDA:41,7,1,2
BRDA:54,8,0,0
BRDA:54,8,1,0
BRF:18
BRH:16
end_of_record
