TN:
SF:index.js
FN:6,isSorted
FN:15,binarySearch
FN:43,startBinarySearch
FNF:3
FNH:2
FNDA:7,isSorted
FNDA:9,binarySearch
FNDA:0,startBinarySearch
DA:1,1
DA:3,1
DA:4,1
DA:7,7
DA:8,17
DA:9,1
DA:12,6
DA:16,9
DA:17,1
DA:19,8
DA:20,1
DA:22,7
DA:23,1
DA:26,6
DA:27,6
DA:29,6
DA:30,10
DA:32,10
DA:33,5
DA:34,5
DA:35,3
DA:37,2
DA:40,1
DA:44,0
DA:47,0
DA:49,0
DA:50,0
DA:53,0
DA:56,0
DA:57,0
DA:62,1
LF:31
LH:24
BRDA:8,0,0,1
BRDA:8,0,1,16
BRDA:16,1,0,1
BRDA:16,1,1,8
BRDA:16,2,0,9
BRDA:16,2,1,8
BRDA:19,3,0,1
BRDA:19,3,1,7
BRDA:19,4,0,8
BRDA:19,4,1,8
BRDA:22,5,0,1
BRDA:22,5,1,6
BRDA:32,6,0,5
BRDA:32,6,1,5
BRDA:34,7,0,3
BRDA:34,7,1,2
BRDA:49,8,0,0
BRDA:49,8,1,0
BRF:18
BRH:16
end_of_record
